00d53d81-6d80-4e5e-8864-b01b86253766 oesteban@dna058:/tmp/59417500/oesteban/bootstrap-fmriprep/59417500_16/project/derivatives/v1s12 timestamp=1772969925.384212604s
0476533c-546d-43a0-94ce-5d1f705ff9ab oesteban@dna006:/tmp/59417509/oesteban/bootstrap-fmriprep/59417509_25/project/derivatives/v1s12 timestamp=1772969927.273012161s
1545021b-51e8-4c27-8382-a1d091538af3 oesteban@dna080:/tmp/59417496/oesteban/bootstrap-fmriprep/59417496_12/project/derivatives/v1s12 timestamp=1772969928.866830514s
177fb1ec-a3fa-4550-8e7b-a07788e7a44b oesteban@dna085:/tmp/59417498/oesteban/bootstrap-fmriprep/59417498_14/project/derivatives/v1s12 timestamp=1772969926.374227255s
24c07077-5e39-4fa2-b419-f1e808a7a359 oesteban@dna079:/tmp/59417495/oesteban/bootstrap-fmriprep/59417495_11/project/derivatives/v1s12 timestamp=1772969926.038265042s
25cdd133-c399-452a-bc47-e5102376a5f3 oesteban@dna013:/tmp/59417518/oesteban/bootstrap-fmriprep/59417518_34/project/derivatives/v1s12 timestamp=1772969927.530517074s
2989cff4-e9fd-4f2b-96f5-d747bb67e034 oesteban@dna061:/tmp/59417503/oesteban/bootstrap-fmriprep/59417503_19/project/derivatives/v1s12 timestamp=1772969927.2349042s
35f3cf8f-3445-4831-af31-02ff67ddf849 oesteban@dna003:/tmp/59417508/oesteban/bootstrap-fmriprep/59417508_24/project/derivatives/v1s12 timestamp=1772969926.862675704s
3acf9555-3af0-4bdb-a8c0-954bc2400ec5 oesteban@dna007:/tmp/59417512/oesteban/bootstrap-fmriprep/59417512_28/project/derivatives/v1s12 timestamp=1772969926.335602764s
42d9c135-776c-4b9b-8de6-9121e535cbaa oesteban@dna063:/tmp/59417505/oesteban/bootstrap-fmriprep/59417505_21/project/derivatives/v1s12 timestamp=1772969927.366301638s
465c999d-cb3a-4f3e-b1e5-188366788449 oesteban@dna018:/tmp/59417521/oesteban/bootstrap-fmriprep/59417521_37/project/derivatives/v1s12 timestamp=1772969928.315022411s
480a2d2b-9c5a-4a68-947b-823fceef8ed6 oesteban@dna061:/tmp/59417504/oesteban/bootstrap-fmriprep/59417504_20/project/derivatives/v1s12 timestamp=1772969927.262359167s
48cde2e0-0048-477d-919b-b70f0ff6d378 oesteban@dna016:/tmp/59417519/oesteban/bootstrap-fmriprep/59417519_35/project/derivatives/v1s12 timestamp=1772969927.949677663s
4905ec0f-3563-46eb-9200-835c21de95f0 oesteban@dna012:/tmp/59417517/oesteban/bootstrap-fmriprep/59417517_33/project/derivatives/v1s12 timestamp=1772969927.424304623s
4cb0b074-db68-4720-9fd2-e928a8a96348 oesteban@dna078:/tmp/59417492/oesteban/bootstrap-fmriprep/59417492_8/project/derivatives/v1s12 timestamp=1772969927.248330817s
54579d3a-178b-4bbf-ad60-594c13a9fa43 oesteban@dna009:/tmp/59417515/oesteban/bootstrap-fmriprep/59417515_31/project/derivatives/v1s12 timestamp=1772969926.930467566s
55e52df4-6892-43f2-9f6a-4128984147d4 oesteban@dna058:/tmp/59417499/oesteban/bootstrap-fmriprep/59417499_15/project/derivatives/v1s12 timestamp=1772969925.393882791s
5fc41cd0-fec8-4abd-9f76-ffbfc293c787 oesteban@dna075:/tmp/59417489/oesteban/bootstrap-fmriprep/59417489_5/project/derivatives/v1s12 timestamp=1772969926.502037448s
60a2be73-2df0-42a8-9128-e303b8390561 git@0cf3a9a26dcd:/data/repos/abide-fmriprep/v1s12.git timestamp=1772969927.207665913s
6963db77-616a-480f-9d87-8689fe3ac760 oesteban@curnagl:/scratch/oesteban/abide_fmriprep/derivatives/v1s12 timestamp=1772982366.565610924s
6c5191e4-dfb8-4ac2-a213-a8fa36f4d28c oesteban@dna079:/tmp/59417494/oesteban/bootstrap-fmriprep/59417494_10/project/derivatives/v1s12 timestamp=1772969926.156649463s
77e87029-2f36-4256-8073-cef99edd3948 oesteban@dna078:/tmp/59417490/oesteban/bootstrap-fmriprep/59417490_6/project/derivatives/v1s12 timestamp=1772969927.152694159s
7f6d35e2-0a4c-474f-9eb0-756db7d47f73 oesteban@dna079:/tmp/59417493/oesteban/bootstrap-fmriprep/59417493_9/project/derivatives/v1s12 timestamp=1772969926.163692402s
9107e0f1-2b52-45c2-bf24-4141ab852a76 oesteban@dna061:/tmp/59417502/oesteban/bootstrap-fmriprep/59417502_18/project/derivatives/v1s12 timestamp=1772969927.114435043s
9198931e-4e0b-44fb-a491-a0750bb87587 oesteban@dna009:/tmp/59417513/oesteban/bootstrap-fmriprep/59417513_29/project/derivatives/v1s12 timestamp=1772969927.084460675s
9ff9f9d1-eca7-427f-9f26-caf2394c95e1 oesteban@dna018:/tmp/59417520/oesteban/bootstrap-fmriprep/59417520_36/project/derivatives/v1s12 timestamp=1772969928.35473352s
a40be57f-8f4c-4e3e-a2aa-1bc470c07ef2 oesteban@dna007:/tmp/59417511/oesteban/bootstrap-fmriprep/59417511_27/project/derivatives/v1s12 timestamp=1772969926.512819738s
bbdb6710-53de-4fff-86a3-199b8add18c3 oesteban@dna010:/tmp/59417516/oesteban/bootstrap-fmriprep/59417516_32/project/derivatives/v1s12 timestamp=1772969926.203254712s
bc50bb39-b930-4a6d-82a2-f7f7c00e47a7 oesteban@dna063:/tmp/59417506/oesteban/bootstrap-fmriprep/59417506_22/project/derivatives/v1s12 timestamp=1772969927.404416533s
bf92810a-bfac-4b39-a401-3822b9f7c280 oesteban@dna018:/tmp/59417522/oesteban/bootstrap-fmriprep/59417522_38/project/derivatives/v1s12 timestamp=1772969928.547273662s
cc32e7b4-dc33-4b4c-ad75-05d4dc8731d7 oesteban@Mac:~/workspace/abide_preproc/derivatives/v1s12 timestamp=1772959718s
ce84dc60-cf21-4348-ba4e-a9acea25a4b3 oesteban@dna009:/tmp/59417514/oesteban/bootstrap-fmriprep/59417514_30/project/derivatives/v1s12 timestamp=1772969927.025678178s
d2934d31-efab-42c1-9523-a93a730a0623 oesteban@dna063:/tmp/59417507/oesteban/bootstrap-fmriprep/59417507_23/project/derivatives/v1s12 timestamp=1772969927.449788611s
d6d21e13-0206-4e14-b50d-7f47e24a1fc1 oesteban@dna078:/tmp/59417491/oesteban/bootstrap-fmriprep/59417491_7/project/derivatives/v1s12 timestamp=1772969927.051056356s
e0f0a7c3-9b3a-4bbb-ba5f-b291a1cea63e oesteban@dna007:/tmp/59417510/oesteban/bootstrap-fmriprep/59417510_26/project/derivatives/v1s12 timestamp=1772969926.401775183s
e4df9517-7e05-41e5-acda-3d397836c0aa oesteban@dna081:/tmp/59417497/oesteban/bootstrap-fmriprep/59417497_13/project/derivatives/v1s12 timestamp=1772969926.013597287s
f88b2420-8b31-46a6-8cae-144252314cee oesteban@dna059:/tmp/59417501/oesteban/bootstrap-fmriprep/59417501_17/project/derivatives/v1s12 timestamp=1772969926.161253164s
